{"C:\\Users\\titan\\Desktop\\Repositories\\animated-stream-deck-background-gif-converter\\src\\constants\\presets.ts": {"path":"C:\\Users\\titan\\Desktop\\Repositories\\animated-stream-deck-background-gif-converter\\src\\constants\\presets.ts","statementMap":{"0":{"start":{"line":11,"column":33},"end":{"line":57,"column":null}}},"fnMap":{},"branchMap":{},"s":{"0":2},"f":{},"b":{},"meta":{"lastBranch":0,"lastFunction":0,"lastStatement":1,"seen":{"s:11:33:57:Infinity":0}}}
,"C:\\Users\\titan\\Desktop\\Repositories\\animated-stream-deck-background-gif-converter\\src\\services\\streamDeckProfile.ts": {"path":"C:\\Users\\titan\\Desktop\\Repositories\\animated-stream-deck-background-gif-converter\\src\\services\\streamDeckProfile.ts","statementMap":{"0":{"start":{"line":4,"column":18},"end":{"line":4,"column":null}},"1":{"start":{"line":11,"column":14},"end":{"line":11,"column":null}},"2":{"start":{"line":12,"column":26},"end":{"line":12,"column":null}},"3":{"start":{"line":13,"column":2},"end":{"line":15,"column":null}},"4":{"start":{"line":13,"column":15},"end":{"line":13,"column":18}},"5":{"start":{"line":14,"column":4},"end":{"line":14,"column":null}},"6":{"start":{"line":16,"column":13},"end":{"line":16,"column":null}},"7":{"start":{"line":17,"column":2},"end":{"line":17,"column":null}},"8":{"start":{"line":17,"column":25},"end":{"line":17,"column":null}},"9":{"start":{"line":18,"column":16},"end":{"line":18,"column":null}},"10":{"start":{"line":19,"column":2},"end":{"line":21,"column":null}},"11":{"start":{"line":19,"column":15},"end":{"line":19,"column":18}},"12":{"start":{"line":20,"column":4},"end":{"line":20,"column":null}},"13":{"start":{"line":22,"column":2},"end":{"line":22,"column":null}},"14":{"start":{"line":23,"column":2},"end":{"line":23,"column":null}},"15":{"start":{"line":31,"column":2},"end":{"line":44,"column":null}},"16":{"start":{"line":50,"column":2},"end":{"line":84,"column":null}},"17":{"start":{"line":91,"column":43},"end":{"line":91,"column":null}},"18":{"start":{"line":93,"column":2},"end":{"line":116,"column":null}},"19":{"start":{"line":94,"column":16},"end":{"line":94,"column":null}},"20":{"start":{"line":95,"column":4},"end":{"line":115,"column":null}},"21":{"start":{"line":118,"column":2},"end":{"line":127,"column":null}},"22":{"start":{"line":135,"column":19},"end":{"line":135,"column":null}},"23":{"start":{"line":136,"column":25},"end":{"line":136,"column":null}},"24":{"start":{"line":137,"column":24},"end":{"line":137,"column":null}},"25":{"start":{"line":139,"column":30},"end":{"line":139,"column":null}},"26":{"start":{"line":140,"column":29},"end":{"line":140,"column":null}},"27":{"start":{"line":142,"column":23},"end":{"line":142,"column":null}},"28":{"start":{"line":143,"column":29},"end":{"line":143,"column":null}},"29":{"start":{"line":144,"column":28},"end":{"line":144,"column":null}},"30":{"start":{"line":146,"column":27},"end":{"line":146,"column":null}},"31":{"start":{"line":147,"column":29},"end":{"line":147,"column":null}},"32":{"start":{"line":148,"column":28},"end":{"line":148,"column":null}},"33":{"start":{"line":150,"column":14},"end":{"line":150,"column":null}},"34":{"start":{"line":151,"column":21},"end":{"line":151,"column":null}},"35":{"start":{"line":153,"column":2},"end":{"line":153,"column":null}},"36":{"start":{"line":154,"column":2},"end":{"line":154,"column":null}},"37":{"start":{"line":155,"column":2},"end":{"line":155,"column":null}},"38":{"start":{"line":157,"column":25},"end":{"line":157,"column":null}},"39":{"start":{"line":160,"column":23},"end":{"line":160,"column":null}},"40":{"start":{"line":161,"column":2},"end":{"line":161,"column":null}},"41":{"start":{"line":162,"column":2},"end":{"line":162,"column":null}},"42":{"start":{"line":163,"column":2},"end":{"line":163,"column":null}},"43":{"start":{"line":166,"column":22},"end":{"line":166,"column":null}},"44":{"start":{"line":167,"column":2},"end":{"line":167,"column":null}},"45":{"start":{"line":168,"column":2},"end":{"line":168,"column":null}},"46":{"start":{"line":170,"column":23},"end":{"line":170,"column":null}},"47":{"start":{"line":171,"column":2},"end":{"line":173,"column":null}},"48":{"start":{"line":172,"column":4},"end":{"line":172,"column":null}},"49":{"start":{"line":175,"column":2},"end":{"line":175,"column":null}}},"fnMap":{"0":{"name":"encodePageFolder","decl":{"start":{"line":10,"column":16},"end":{"line":10,"column":33}},"loc":{"start":{"line":10,"column":55},"end":{"line":24,"column":null}},"line":10},"1":{"name":"buildRootManifest","decl":{"start":{"line":26,"column":9},"end":{"line":26,"column":null}},"loc":{"start":{"line":30,"column":27},"end":{"line":45,"column":null}},"line":30},"2":{"name":"buildParentPageManifest","decl":{"start":{"line":47,"column":9},"end":{"line":47,"column":null}},"loc":{"start":{"line":49,"column":27},"end":{"line":85,"column":null}},"line":49},"3":{"name":"buildChildPageManifest","decl":{"start":{"line":87,"column":9},"end":{"line":87,"column":null}},"loc":{"start":{"line":90,"column":27},"end":{"line":128,"column":null}},"line":90},"4":{"name":"generateStreamDeckProfile","decl":{"start":{"line":130,"column":22},"end":{"line":130,"column":null}},"loc":{"start":{"line":134,"column":17},"end":{"line":176,"column":null}},"line":134}},"branchMap":{},"s":{"0":1,"1":8,"2":8,"3":8,"4":8,"5":128,"6":8,"7":8,"8":128,"9":8,"10":8,"11":8,"12":208,"13":8,"14":8,"15":0,"16":0,"17":0,"18":0,"19":0,"20":0,"21":0,"22":0,"23":0,"24":0,"25":0,"26":0,"27":0,"28":0,"29":0,"30":0,"31":0,"32":0,"33":0,"34":0,"35":0,"36":0,"37":0,"38":0,"39":0,"40":0,"41":0,"42":0,"43":0,"44":0,"45":0,"46":0,"47":0,"48":0,"49":0},"f":{"0":8,"1":0,"2":0,"3":0,"4":0},"b":{},"meta":{"lastBranch":0,"lastFunction":5,"lastStatement":50,"seen":{"s:4:18:4:Infinity":0,"f:10:16:10:33":0,"s:11:14:11:Infinity":1,"s:12:26:12:Infinity":2,"s:13:2:15:Infinity":3,"s:13:15:13:18":4,"s:14:4:14:Infinity":5,"s:16:13:16:Infinity":6,"s:17:2:17:Infinity":7,"s:17:25:17:Infinity":8,"s:18:16:18:Infinity":9,"s:19:2:21:Infinity":10,"s:19:15:19:18":11,"s:20:4:20:Infinity":12,"s:22:2:22:Infinity":13,"s:23:2:23:Infinity":14,"f:26:9:26:Infinity":1,"s:31:2:44:Infinity":15,"f:47:9:47:Infinity":2,"s:50:2:84:Infinity":16,"f:87:9:87:Infinity":3,"s:91:43:91:Infinity":17,"s:93:2:116:Infinity":18,"s:94:16:94:Infinity":19,"s:95:4:115:Infinity":20,"s:118:2:127:Infinity":21,"f:130:22:130:Infinity":4,"s:135:19:135:Infinity":22,"s:136:25:136:Infinity":23,"s:137:24:137:Infinity":24,"s:139:30:139:Infinity":25,"s:140:29:140:Infinity":26,"s:142:23:142:Infinity":27,"s:143:29:143:Infinity":28,"s:144:28:144:Infinity":29,"s:146:27:146:Infinity":30,"s:147:29:147:Infinity":31,"s:148:28:148:Infinity":32,"s:150:14:150:Infinity":33,"s:151:21:151:Infinity":34,"s:153:2:153:Infinity":35,"s:154:2:154:Infinity":36,"s:155:2:155:Infinity":37,"s:157:25:157:Infinity":38,"s:160:23:160:Infinity":39,"s:161:2:161:Infinity":40,"s:162:2:162:Infinity":41,"s:163:2:163:Infinity":42,"s:166:22:166:Infinity":43,"s:167:2:167:Infinity":44,"s:168:2:168:Infinity":45,"s:170:23:170:Infinity":46,"s:171:2:173:Infinity":47,"s:172:4:172:Infinity":48,"s:175:2:175:Infinity":49}}}
,"C:\\Users\\titan\\Desktop\\Repositories\\animated-stream-deck-background-gif-converter\\src\\utils\\device.ts": {"path":"C:\\Users\\titan\\Desktop\\Repositories\\animated-stream-deck-background-gif-converter\\src\\utils\\device.ts","statementMap":{"0":{"start":{"line":4,"column":2},"end":{"line":4,"column":null}},"1":{"start":{"line":8,"column":2},"end":{"line":8,"column":null}},"2":{"start":{"line":12,"column":2},"end":{"line":12,"column":null}},"3":{"start":{"line":16,"column":2},"end":{"line":16,"column":null}},"4":{"start":{"line":20,"column":26},"end":{"line":20,"column":null}},"5":{"start":{"line":21,"column":2},"end":{"line":21,"column":null}}},"fnMap":{"0":{"name":"calculateTargetWidth","decl":{"start":{"line":3,"column":16},"end":{"line":3,"column":37}},"loc":{"start":{"line":3,"column":82},"end":{"line":5,"column":null}},"line":3},"1":{"name":"calculateTargetHeight","decl":{"start":{"line":7,"column":16},"end":{"line":7,"column":38}},"loc":{"start":{"line":7,"column":83},"end":{"line":9,"column":null}},"line":7},"2":{"name":"calculateGap","decl":{"start":{"line":11,"column":16},"end":{"line":11,"column":29}},"loc":{"start":{"line":11,"column":74},"end":{"line":13,"column":null}},"line":11},"3":{"name":"calculatePreviewTileSize","decl":{"start":{"line":15,"column":16},"end":{"line":15,"column":41}},"loc":{"start":{"line":15,"column":65},"end":{"line":17,"column":null}},"line":15},"4":{"name":"calculateScaledGap","decl":{"start":{"line":19,"column":16},"end":{"line":19,"column":35}},"loc":{"start":{"line":19,"column":80},"end":{"line":22,"column":null}},"line":19}},"branchMap":{"0":{"loc":{"start":{"line":4,"column":43},"end":{"line":4,"column":null}},"type":"cond-expr","locations":[{"start":{"line":4,"column":43},"end":{"line":4,"column":89}},{"start":{"line":4,"column":89},"end":{"line":4,"column":null}}],"line":4},"1":{"loc":{"start":{"line":8,"column":44},"end":{"line":8,"column":null}},"type":"cond-expr","locations":[{"start":{"line":8,"column":44},"end":{"line":8,"column":90}},{"start":{"line":8,"column":90},"end":{"line":8,"column":null}}],"line":8},"2":{"loc":{"start":{"line":12,"column":9},"end":{"line":12,"column":null}},"type":"cond-expr","locations":[{"start":{"line":12,"column":22},"end":{"line":12,"column":35}},{"start":{"line":12,"column":35},"end":{"line":12,"column":null}}],"line":12},"3":{"loc":{"start":{"line":21,"column":9},"end":{"line":21,"column":null}},"type":"cond-expr","locations":[{"start":{"line":21,"column":22},"end":{"line":21,"column":86}},{"start":{"line":21,"column":86},"end":{"line":21,"column":null}}],"line":21}},"s":{"0":4,"1":4,"2":4,"3":6,"4":4,"5":4},"f":{"0":4,"1":4,"2":4,"3":6,"4":4},"b":{"0":[2,2],"1":[2,2],"2":[2,2],"3":[2,2]},"meta":{"lastBranch":4,"lastFunction":5,"lastStatement":6,"seen":{"f:3:16:3:37":0,"s:4:2:4:Infinity":0,"b:4:43:4:89:4:89:4:Infinity":0,"f:7:16:7:38":1,"s:8:2:8:Infinity":1,"b:8:44:8:90:8:90:8:Infinity":1,"f:11:16:11:29":2,"s:12:2:12:Infinity":2,"b:12:22:12:35:12:35:12:Infinity":2,"f:15:16:15:41":3,"s:16:2:16:Infinity":3,"f:19:16:19:35":4,"s:20:26:20:Infinity":4,"s:21:2:21:Infinity":5,"b:21:22:21:86:21:86:21:Infinity":3}}}
,"C:\\Users\\titan\\Desktop\\Repositories\\animated-stream-deck-background-gif-converter\\src\\utils\\filename.ts": {"path":"C:\\Users\\titan\\Desktop\\Repositories\\animated-stream-deck-background-gif-converter\\src\\utils\\filename.ts","statementMap":{"0":{"start":{"line":2,"column":19},"end":{"line":2,"column":null}},"1":{"start":{"line":3,"column":17},"end":{"line":3,"column":null}},"2":{"start":{"line":4,"column":2},"end":{"line":4,"column":null}},"3":{"start":{"line":8,"column":19},"end":{"line":8,"column":null}},"4":{"start":{"line":9,"column":21},"end":{"line":9,"column":null}},"5":{"start":{"line":10,"column":17},"end":{"line":10,"column":null}},"6":{"start":{"line":11,"column":20},"end":{"line":11,"column":null}},"7":{"start":{"line":12,"column":18},"end":{"line":12,"column":null}},"8":{"start":{"line":13,"column":19},"end":{"line":13,"column":null}},"9":{"start":{"line":14,"column":2},"end":{"line":14,"column":null}}},"fnMap":{"0":{"name":"generateZipFolderName","decl":{"start":{"line":1,"column":16},"end":{"line":1,"column":38}},"loc":{"start":{"line":1,"column":104},"end":{"line":5,"column":null}},"line":1},"1":{"name":"generateProfileFileName","decl":{"start":{"line":7,"column":16},"end":{"line":7,"column":40}},"loc":{"start":{"line":7,"column":106},"end":{"line":15,"column":null}},"line":7}},"branchMap":{"0":{"loc":{"start":{"line":3,"column":17},"end":{"line":3,"column":null}},"type":"cond-expr","locations":[{"start":{"line":3,"column":30},"end":{"line":3,"column":47}},{"start":{"line":3,"column":47},"end":{"line":3,"column":null}}],"line":3}},"s":{"0":5,"1":5,"2":5,"3":4,"4":4,"5":4,"6":4,"7":4,"8":4,"9":4},"f":{"0":5,"1":4},"b":{"0":[2,3]},"meta":{"lastBranch":1,"lastFunction":2,"lastStatement":10,"seen":{"f:1:16:1:38":0,"s:2:19:2:Infinity":0,"s:3:17:3:Infinity":1,"b:3:30:3:47:3:47:3:Infinity":0,"s:4:2:4:Infinity":2,"f:7:16:7:40":1,"s:8:19:8:Infinity":3,"s:9:21:9:Infinity":4,"s:10:17:10:Infinity":5,"s:11:20:11:Infinity":6,"s:12:18:12:Infinity":7,"s:13:19:13:Infinity":8,"s:14:2:14:Infinity":9}}}
,"C:\\Users\\titan\\Desktop\\Repositories\\animated-stream-deck-background-gif-converter\\src\\utils\\format.ts": {"path":"C:\\Users\\titan\\Desktop\\Repositories\\animated-stream-deck-background-gif-converter\\src\\utils\\format.ts","statementMap":{"0":{"start":{"line":2,"column":2},"end":{"line":2,"column":null}},"1":{"start":{"line":2,"column":20},"end":{"line":2,"column":null}},"2":{"start":{"line":3,"column":2},"end":{"line":3,"column":null}},"3":{"start":{"line":3,"column":27},"end":{"line":3,"column":null}},"4":{"start":{"line":4,"column":2},"end":{"line":4,"column":null}}},"fnMap":{"0":{"name":"formatSize","decl":{"start":{"line":1,"column":16},"end":{"line":1,"column":27}},"loc":{"start":{"line":1,"column":50},"end":{"line":5,"column":null}},"line":1}},"branchMap":{"0":{"loc":{"start":{"line":2,"column":2},"end":{"line":2,"column":null}},"type":"if","locations":[{"start":{"line":2,"column":2},"end":{"line":2,"column":null}},{"start":{},"end":{}}],"line":2},"1":{"loc":{"start":{"line":3,"column":2},"end":{"line":3,"column":null}},"type":"if","locations":[{"start":{"line":3,"column":2},"end":{"line":3,"column":null}},{"start":{},"end":{}}],"line":3}},"s":{"0":10,"1":4,"2":6,"3":6,"4":3},"f":{"0":10},"b":{"0":[4,6],"1":[3,3]},"meta":{"lastBranch":2,"lastFunction":1,"lastStatement":5,"seen":{"f:1:16:1:27":0,"b:2:2:2:Infinity:undefined:undefined:undefined:undefined":0,"s:2:2:2:Infinity":0,"s:2:20:2:Infinity":1,"b:3:2:3:Infinity:undefined:undefined:undefined:undefined":1,"s:3:2:3:Infinity":2,"s:3:27:3:Infinity":3,"s:4:2:4:Infinity":4}}}
,"C:\\Users\\titan\\Desktop\\Repositories\\animated-stream-deck-background-gif-converter\\src\\utils\\progress.ts": {"path":"C:\\Users\\titan\\Desktop\\Repositories\\animated-stream-deck-background-gif-converter\\src\\utils\\progress.ts","statementMap":{"0":{"start":{"line":4,"column":2},"end":{"line":4,"column":null}},"1":{"start":{"line":4,"column":17},"end":{"line":4,"column":null}},"2":{"start":{"line":5,"column":2},"end":{"line":10,"column":null}},"3":{"start":{"line":6,"column":20},"end":{"line":6,"column":null}},"4":{"start":{"line":7,"column":20},"end":{"line":7,"column":null}},"5":{"start":{"line":8,"column":22},"end":{"line":8,"column":null}},"6":{"start":{"line":9,"column":17},"end":{"line":9,"column":null}}},"fnMap":{"0":{"name":"getProgressLabel","decl":{"start":{"line":3,"column":16},"end":{"line":3,"column":33}},"loc":{"start":{"line":3,"column":73},"end":{"line":11,"column":null}},"line":3}},"branchMap":{"0":{"loc":{"start":{"line":4,"column":2},"end":{"line":4,"column":null}},"type":"if","locations":[{"start":{"line":4,"column":2},"end":{"line":4,"column":null}},{"start":{},"end":{}}],"line":4},"1":{"loc":{"start":{"line":5,"column":2},"end":{"line":10,"column":null}},"type":"switch","locations":[{"start":{"line":6,"column":4},"end":{"line":6,"column":null}},{"start":{"line":7,"column":4},"end":{"line":7,"column":null}},{"start":{"line":8,"column":4},"end":{"line":8,"column":null}},{"start":{"line":9,"column":4},"end":{"line":9,"column":null}}],"line":5}},"s":{"0":5,"1":1,"2":4,"3":1,"4":1,"5":1,"6":1},"f":{"0":5},"b":{"0":[1,4],"1":[4,1,1,1]},"meta":{"lastBranch":2,"lastFunction":1,"lastStatement":7,"seen":{"f:3:16:3:33":0,"b:4:2:4:Infinity:undefined:undefined:undefined:undefined":0,"s:4:2:4:Infinity":0,"s:4:17:4:Infinity":1,"b:6:4:6:Infinity:7:4:7:Infinity:8:4:8:Infinity:9:4:9:Infinity":1,"s:5:2:10:Infinity":2,"s:6:20:6:Infinity":3,"s:7:20:7:Infinity":4,"s:8:22:8:Infinity":5,"s:9:17:9:Infinity":6}}}
}
